  [1m[35m (0.1ms)[0m  [1m[34mSELECT sqlite_version(*)[0m
  â†³ bin/rails:9
  [1m[35m (9.0ms)[0m  [1m[35mCREATE TABLE "schema_migrations" ("version" varchar NOT NULL PRIMARY KEY)[0m
  â†³ bin/rails:9
  [1m[35m (3.4ms)[0m  [1m[35mCREATE TABLE "ar_internal_metadata" ("key" varchar NOT NULL PRIMARY KEY, "value" varchar, "created_at" datetime NOT NULL, "updated_at" datetime NOT NULL)[0m
  â†³ bin/rails:9
  [1m[35m (0.5ms)[0m  [1m[34mSELECT "schema_migrations"."version" FROM "schema_migrations" ORDER BY "schema_migrations"."version" ASC[0m
  â†³ bin/rails:9
Migrating to DeviseCreateUsers (20200830060820)
  [1m[35m (0.0ms)[0m  [1m[36mbegin transaction[0m
  â†³ bin/rails:9
  [1m[35m (0.8ms)[0m  [1m[35mCREATE TABLE "users" ("id" integer PRIMARY KEY AUTOINCREMENT NOT NULL, "email" varchar DEFAULT '' NOT NULL, "encrypted_password" varchar DEFAULT '' NOT NULL, "reset_password_token" varchar, "reset_password_sent_at" datetime, "remember_created_at" datetime, "name" varchar, "introduction" text, "profile_image_id" varchar, "created_at" datetime NOT NULL, "updated_at" datetime NOT NULL)[0m
  â†³ db/migrate/20200830060820_devise_create_users.rb:5
  [1m[35m (0.2ms)[0m  [1m[35mCREATE UNIQUE INDEX "index_users_on_email" ON "users" ("email")[0m
  â†³ db/migrate/20200830060820_devise_create_users.rb:41
  [1m[35m (0.1ms)[0m  [1m[35mCREATE UNIQUE INDEX "index_users_on_reset_password_token" ON "users" ("reset_password_token")[0m
  â†³ db/migrate/20200830060820_devise_create_users.rb:42
  [1m[36mActiveRecord::SchemaMigration Create (0.1ms)[0m  [1m[32mINSERT INTO "schema_migrations" ("version") VALUES (?)[0m  [["version", "20200830060820"]]
  â†³ bin/rails:9
  [1m[35m (5.7ms)[0m  [1m[36mcommit transaction[0m
  â†³ bin/rails:9
Migrating to CreateBooks (20200830062142)
  [1m[35m (0.0ms)[0m  [1m[36mbegin transaction[0m
  â†³ bin/rails:9
  [1m[35m (0.3ms)[0m  [1m[35mCREATE TABLE "books" ("id" integer PRIMARY KEY AUTOINCREMENT NOT NULL, "title" varchar, "body" text, "user_id" integer, "created_at" datetime NOT NULL, "updated_at" datetime NOT NULL)[0m
  â†³ db/migrate/20200830062142_create_books.rb:3
  [1m[36mActiveRecord::SchemaMigration Create (0.1ms)[0m  [1m[32mINSERT INTO "schema_migrations" ("version") VALUES (?)[0m  [["version", "20200830062142"]]
  â†³ bin/rails:9
  [1m[35m (3.0ms)[0m  [1m[36mcommit transaction[0m
  â†³ bin/rails:9
Migrating to CreateFavorites (20210601105746)
  [1m[35m (0.0ms)[0m  [1m[36mbegin transaction[0m
  â†³ bin/rails:9
  [1m[35m (0.2ms)[0m  [1m[35mCREATE TABLE "favorites" ("id" integer PRIMARY KEY AUTOINCREMENT NOT NULL, "user_id" integer, "book_id" integer, "created_at" datetime NOT NULL, "updated_at" datetime NOT NULL)[0m
  â†³ db/migrate/20210601105746_create_favorites.rb:3
  [1m[36mActiveRecord::SchemaMigration Create (0.1ms)[0m  [1m[32mINSERT INTO "schema_migrations" ("version") VALUES (?)[0m  [["version", "20210601105746"]]
  â†³ bin/rails:9
  [1m[35m (4.1ms)[0m  [1m[36mcommit transaction[0m
  â†³ bin/rails:9
Migrating to CreateBookComments (20210601115351)
  [1m[35m (0.0ms)[0m  [1m[36mbegin transaction[0m
  â†³ bin/rails:9
  [1m[35m (0.2ms)[0m  [1m[35mCREATE TABLE "book_comments" ("id" integer PRIMARY KEY AUTOINCREMENT NOT NULL, "comment" text, "user_id" integer, "book_id" integer, "created_at" datetime NOT NULL, "updated_at" datetime NOT NULL)[0m
  â†³ db/migrate/20210601115351_create_book_comments.rb:3
  [1m[36mActiveRecord::SchemaMigration Create (0.1ms)[0m  [1m[32mINSERT INTO "schema_migrations" ("version") VALUES (?)[0m  [["version", "20210601115351"]]
  â†³ bin/rails:9
  [1m[35m (4.2ms)[0m  [1m[36mcommit transaction[0m
  â†³ bin/rails:9
Migrating to CreateRelationships (20210601215050)
  [1m[35m (0.0ms)[0m  [1m[36mbegin transaction[0m
  â†³ bin/rails:9
  [1m[35m (0.2ms)[0m  [1m[35mCREATE TABLE "relationships" ("id" integer PRIMARY KEY AUTOINCREMENT NOT NULL, "follower_id" integer, "followed_id" integer, "created_at" datetime NOT NULL, "updated_at" datetime NOT NULL)[0m
  â†³ db/migrate/20210601215050_create_relationships.rb:3
  [1m[36mActiveRecord::SchemaMigration Create (0.1ms)[0m  [1m[32mINSERT INTO "schema_migrations" ("version") VALUES (?)[0m  [["version", "20210601215050"]]
  â†³ bin/rails:9
  [1m[35m (3.9ms)[0m  [1m[36mcommit transaction[0m
  â†³ bin/rails:9
  [1m[36mActiveRecord::InternalMetadata Load (0.1ms)[0m  [1m[34mSELECT  "ar_internal_metadata".* FROM "ar_internal_metadata" WHERE "ar_internal_metadata"."key" = ? LIMIT ?[0m  [["key", "environment"], ["LIMIT", 1]]
  â†³ bin/rails:9
  [1m[35m (0.0ms)[0m  [1m[36mbegin transaction[0m
  â†³ bin/rails:9
  [1m[36mActiveRecord::InternalMetadata Create (3.6ms)[0m  [1m[32mINSERT INTO "ar_internal_metadata" ("key", "value", "created_at", "updated_at") VALUES (?, ?, ?, ?)[0m  [["key", "environment"], ["value", "development"], ["created_at", "2021-06-07 09:21:54.768867"], ["updated_at", "2021-06-07 09:21:54.768867"]]
  â†³ bin/rails:9
  [1m[35m (3.7ms)[0m  [1m[36mcommit transaction[0m
  â†³ bin/rails:9
  [1m[35m (0.1ms)[0m  [1m[34mSELECT "schema_migrations"."version" FROM "schema_migrations" ORDER BY "schema_migrations"."version" ASC[0m
  â†³ bin/rails:9
  [1m[35m (0.1ms)[0m  [1m[34mSELECT "schema_migrations"."version" FROM "schema_migrations" ORDER BY "schema_migrations"."version" ASC[0m
  â†³ bin/rails:9
Migrating to AddRateToBooks (20210607094458)
  [1m[35m (2.1ms)[0m  [1m[36mbegin transaction[0m
  â†³ bin/rails:9
  [1m[35m (0.4ms)[0m  [1m[35mALTER TABLE "books" ADD "rate" float[0m
  â†³ db/migrate/20210607094458_add_rate_to_books.rb:3
  [1m[36mActiveRecord::SchemaMigration Create (4.8ms)[0m  [1m[32mINSERT INTO "schema_migrations" ("version") VALUES (?)[0m  [["version", "20210607094458"]]
  â†³ bin/rails:9
  [1m[35m (5.8ms)[0m  [1m[36mcommit transaction[0m
  â†³ bin/rails:9
  [1m[36mActiveRecord::InternalMetadata Load (0.2ms)[0m  [1m[34mSELECT  "ar_internal_metadata".* FROM "ar_internal_metadata" WHERE "ar_internal_metadata"."key" = ? LIMIT ?[0m  [["key", "environment"], ["LIMIT", 1]]
  â†³ bin/rails:9
  [1m[35m (0.1ms)[0m  [1m[36mbegin transaction[0m
  â†³ bin/rails:9
  [1m[35m (0.0ms)[0m  [1m[36mcommit transaction[0m
  â†³ bin/rails:9
  [1m[35m (0.1ms)[0m  [1m[34mSELECT "schema_migrations"."version" FROM "schema_migrations" ORDER BY "schema_migrations"."version" ASC[0m
  â†³ bin/rails:9
Started GET "/" for 113.158.219.117 at 2021-06-07 09:53:46 +0000
Cannot render console from 113.158.219.117! Allowed networks: 127.0.0.1, ::1, 127.0.0.0/127.255.255.255
  [1m[35m (0.1ms)[0m  [1m[34mSELECT "schema_migrations"."version" FROM "schema_migrations" ORDER BY "schema_migrations"."version" ASC[0m
  â†³ /home/ec2-user/.rvm/gems/ruby-2.6.3/gems/activerecord-5.2.5/lib/active_record/log_subscriber.rb:98
Processing by HomesController#top as HTML
  Rendering homes/top.html.erb within layouts/application
  Rendered homes/top.html.erb within layouts/application (3.3ms)
Started GET "/" for 113.158.219.117 at 2021-06-07 09:53:47 +0000
Cannot render console from 113.158.219.117! Allowed networks: 127.0.0.1, ::1, 127.0.0.0/127.255.255.255
Processing by HomesController#top as HTML
  Rendering homes/top.html.erb within layouts/application
  Rendered homes/top.html.erb within layouts/application (0.7ms)
  Rendered layouts/_header.html.erb (12.9ms)
  Rendered layouts/_header.html.erb (23.6ms)
  Rendered layouts/_footer.html.erb (0.3ms)
Completed 200 OK in 14554ms (Views: 14553.4ms | ActiveRecord: 0.0ms)


  Rendered layouts/_footer.html.erb (0.7ms)
Completed 200 OK in 15684ms (Views: 15660.9ms | ActiveRecord: 0.0ms)


Started GET "/users/sign_up" for 113.158.219.117 at 2021-06-07 09:54:17 +0000
Cannot render console from 113.158.219.117! Allowed networks: 127.0.0.1, ::1, 127.0.0.0/127.255.255.255
Processing by Devise::RegistrationsController#new as HTML
  Rendering devise/registrations/new.html.erb within layouts/application
  Rendered devise/shared/_error_messages.html.erb (0.4ms)
  Rendered devise/shared/_links.html.erb (16.7ms)
  Rendered devise/registrations/new.html.erb within layouts/application (158.9ms)
  Rendered layouts/_header.html.erb (0.9ms)
  Rendered layouts/_footer.html.erb (0.2ms)
Completed 200 OK in 344ms (Views: 326.7ms | ActiveRecord: 0.6ms)


Started POST "/users" for 113.158.219.117 at 2021-06-07 09:54:26 +0000
Cannot render console from 113.158.219.117! Allowed networks: 127.0.0.1, ::1, 127.0.0.0/127.255.255.255
Processing by Devise::RegistrationsController#create as HTML
  Parameters: {"utf8"=>"âœ“", "authenticity_token"=>"UO5m6bvr_1P_MZbEe_ztE5EdGN-uKRT3Mi7Oz-CBidK8ZvWidYLB2MOZNM6ZkTtkh4E2IHaNVIn3z7t4PVpfGQ", "user"=>{"name"=>"test1", "email"=>"test1@test1", "password"=>"[FILTERED]", "password_confirmation"=>"[FILTERED]"}, "commit"=>"Sign up"}
  [1m[35m (0.1ms)[0m  [1m[36mbegin transaction[0m
  â†³ /home/ec2-user/.rvm/gems/ruby-2.6.3/gems/activerecord-5.2.5/lib/active_record/log_subscriber.rb:98
  [1m[36mUser Exists (0.2ms)[0m  [1m[34mSELECT  1 AS one FROM "users" WHERE "users"."email" = ? LIMIT ?[0m  [["email", "test1@test1"], ["LIMIT", 1]]
  â†³ /home/ec2-user/.rvm/gems/ruby-2.6.3/gems/activerecord-5.2.5/lib/active_record/log_subscriber.rb:98
  [1m[36mUser Exists (0.1ms)[0m  [1m[34mSELECT  1 AS one FROM "users" WHERE "users"."name" = ? LIMIT ?[0m  [["name", "test1"], ["LIMIT", 1]]
  â†³ /home/ec2-user/.rvm/gems/ruby-2.6.3/gems/activerecord-5.2.5/lib/active_record/log_subscriber.rb:98
  [1m[36mUser Create (2.7ms)[0m  [1m[32mINSERT INTO "users" ("email", "encrypted_password", "name", "created_at", "updated_at") VALUES (?, ?, ?, ?, ?)[0m  [["email", "test1@test1"], ["encrypted_password", "$2a$12$C1Wd8s5QNT7MzxjHOrX4aedb1/o68VTr.0TNTRmytz3s/qq4k68yO"], ["name", "test1"], ["created_at", "2021-06-07 09:54:26.708469"], ["updated_at", "2021-06-07 09:54:26.708469"]]
  â†³ /home/ec2-user/.rvm/gems/ruby-2.6.3/gems/activerecord-5.2.5/lib/active_record/log_subscriber.rb:98
  [1m[35m (9.3ms)[0m  [1m[36mcommit transaction[0m
  â†³ /home/ec2-user/.rvm/gems/ruby-2.6.3/gems/activerecord-5.2.5/lib/active_record/log_subscriber.rb:98
Redirected to https://ae291d144cb34a999fa3f896a87bf1f4.vfs.cloud9.us-east-1.amazonaws.com/users/1
Completed 302 Found in 362ms (ActiveRecord: 12.3ms)


Started GET "/users/1" for 113.158.219.117 at 2021-06-07 09:54:26 +0000
Cannot render console from 113.158.219.117! Allowed networks: 127.0.0.1, ::1, 127.0.0.0/127.255.255.255
Processing by UsersController#show as HTML
  Parameters: {"id"=>"1"}
  [1m[36mUser Load (0.2ms)[0m  [1m[34mSELECT  "users".* FROM "users" WHERE "users"."id" = ? ORDER BY "users"."id" ASC LIMIT ?[0m  [["id", 1], ["LIMIT", 1]]
  â†³ /home/ec2-user/.rvm/gems/ruby-2.6.3/gems/activerecord-5.2.5/lib/active_record/log_subscriber.rb:98
  [1m[36mUser Load (0.1ms)[0m  [1m[34mSELECT  "users".* FROM "users" WHERE "users"."id" = ? LIMIT ?[0m  [["id", 1], ["LIMIT", 1]]
  â†³ app/controllers/users_controller.rb:5
  Rendering users/show.html.erb within layouts/application
  [1m[35m (0.2ms)[0m  [1m[34mSELECT COUNT(*) FROM "users" INNER JOIN "relationships" ON "users"."id" = "relationships"."followed_id" WHERE "relationships"."follower_id" = ?[0m  [["follower_id", 1]]
  â†³ app/views/users/_info.html.erb:15
  [1m[35m (0.1ms)[0m  [1m[34mSELECT COUNT(*) FROM "users" INNER JOIN "relationships" ON "users"."id" = "relationships"."follower_id" WHERE "relationships"."followed_id" = ?[0m  [["followed_id", 1]]
  â†³ app/views/users/_info.html.erb:20
  Rendered users/_info.html.erb (49.0ms)
  Rendered layouts/_errors.html.erb (0.3ms)
  Rendered books/_form.html.erb (21.3ms)
  [1m[36mBook Load (0.2ms)[0m  [1m[34mSELECT "books".* FROM "books" WHERE "books"."user_id" = ?[0m  [["user_id", 1]]
  â†³ app/views/books/_index.html.erb:11
  Rendered books/_index.html.erb (329.7ms)
  Rendered users/show.html.erb within layouts/application (404.0ms)
Completed 500 Internal Server Error in 470ms (ActiveRecord: 1.6ms)


  
ActionView::Template::Error (undefined local variable or method `book' for #<#<Class:0x00007f61fe8a3420>:0x00007f61fe8a17b0>
Did you mean?  books
               @book
               @books):
    32: </table>
    33: 
    34:  <script>
    35:           $('#star-rate-<%= book.id %>').raty({
    36:             size: 36,
    37:             starOff:  '<%= asset_path('star-off.png') %>',
    38:             starOn : '<%= asset_path('star-on.png') %>',
  
app/views/books/_index.html.erb:35:in `_app_views_books__index_html_erb__2508119269765762905_70029480079860'
app/views/users/show.html.erb:11:in `_app_views_users_show_html_erb___1096976405386870606_70029429513720'
Started GET "/users/1" for 113.158.219.117 at 2021-06-07 09:56:28 +0000
Cannot render console from 113.158.219.117! Allowed networks: 127.0.0.1, ::1, 127.0.0.0/127.255.255.255
  [1m[35m (0.1ms)[0m  [1m[34mSELECT "schema_migrations"."version" FROM "schema_migrations" ORDER BY "schema_migrations"."version" ASC[0m
  â†³ /home/ec2-user/.rvm/gems/ruby-2.6.3/gems/activerecord-5.2.5/lib/active_record/log_subscriber.rb:98
Processing by UsersController#show as HTML
  Parameters: {"id"=>"1"}
  [1m[36mUser Load (0.2ms)[0m  [1m[34mSELECT  "users".* FROM "users" WHERE "users"."id" = ? ORDER BY "users"."id" ASC LIMIT ?[0m  [["id", 1], ["LIMIT", 1]]
  â†³ /home/ec2-user/.rvm/gems/ruby-2.6.3/gems/activerecord-5.2.5/lib/active_record/log_subscriber.rb:98
  [1m[36mUser Load (0.2ms)[0m  [1m[34mSELECT  "users".* FROM "users" WHERE "users"."id" = ? LIMIT ?[0m  [["id", 1], ["LIMIT", 1]]
  â†³ app/controllers/users_controller.rb:5
  Rendering users/show.html.erb within layouts/application
  [1m[35m (0.1ms)[0m  [1m[34mSELECT COUNT(*) FROM "users" INNER JOIN "relationships" ON "users"."id" = "relationships"."followed_id" WHERE "relationships"."follower_id" = ?[0m  [["follower_id", 1]]
  â†³ app/views/users/_info.html.erb:15
  [1m[35m (0.1ms)[0m  [1m[34mSELECT COUNT(*) FROM "users" INNER JOIN "relationships" ON "users"."id" = "relationships"."follower_id" WHERE "relationships"."followed_id" = ?[0m  [["followed_id", 1]]
  â†³ app/views/users/_info.html.erb:20
  Rendered users/_info.html.erb (358.4ms)
  Rendered layouts/_errors.html.erb (2.5ms)
  Rendered books/_form.html.erb (19.1ms)
  [1m[36mBook Load (2.4ms)[0m  [1m[34mSELECT "books".* FROM "books" WHERE "books"."user_id" = ?[0m  [["user_id", 1]]
  â†³ app/views/books/_index.html.erb:11
  Rendered books/_index.html.erb (4.8ms)
  Rendered users/show.html.erb within layouts/application (385.2ms)
  Rendered layouts/_header.html.erb (0.8ms)
  Rendered layouts/_footer.html.erb (0.2ms)
Completed 200 OK in 775ms (Views: 706.8ms | ActiveRecord: 5.0ms)


Started POST "/books" for 113.158.219.117 at 2021-06-07 09:56:55 +0000
Cannot render console from 113.158.219.117! Allowed networks: 127.0.0.1, ::1, 127.0.0.0/127.255.255.255
Processing by BooksController#create as HTML
  Parameters: {"utf8"=>"âœ“", "authenticity_token"=>"3GQreFt1qVN_K60msWahlA0rjEWZTuDkaIJCzjePiNsLjT5mepY2AZNGoW338kVy1IHg1RwsMhtpyaOPpD8_rw", "book"=>{"title"=>"åˆã‚ã¦ã®æŠ•ç¨¿", "body"=>"æ˜Ÿä»˜ã", "rate"=>"3.5"}, "commit"=>"Create Book"}
  [1m[36mUser Load (1.8ms)[0m  [1m[34mSELECT  "users".* FROM "users" WHERE "users"."id" = ? ORDER BY "users"."id" ASC LIMIT ?[0m  [["id", 1], ["LIMIT", 1]]
  â†³ /home/ec2-user/.rvm/gems/ruby-2.6.3/gems/activerecord-5.2.5/lib/active_record/log_subscriber.rb:98
Unpermitted parameter: :rate
  [1m[35m (0.1ms)[0m  [1m[36mbegin transaction[0m
  â†³ app/controllers/books_controller.rb:19
  [1m[36mUser Load (0.1ms)[0m  [1m[34mSELECT  "users".* FROM "users" WHERE "users"."id" = ? LIMIT ?[0m  [["id", 1], ["LIMIT", 1]]
  â†³ app/controllers/books_controller.rb:19
  [1m[36mBook Create (1.2ms)[0m  [1m[32mINSERT INTO "books" ("title", "body", "user_id", "created_at", "updated_at") VALUES (?, ?, ?, ?, ?)[0m  [["title", "åˆã‚ã¦ã®æŠ•ç¨¿"], ["body", "æ˜Ÿä»˜ã"], ["user_id", 1], ["created_at", "2021-06-07 09:56:55.909143"], ["updated_at", "2021-06-07 09:56:55.909143"]]
  â†³ app/controllers/books_controller.rb:19
  [1m[35m (3.6ms)[0m  [1m[36mcommit transaction[0m
  â†³ app/controllers/books_controller.rb:19
Redirected to https://ae291d144cb34a999fa3f896a87bf1f4.vfs.cloud9.us-east-1.amazonaws.com/books/1
Completed 302 Found in 39ms (ActiveRecord: 6.8ms)


Started GET "/books/1" for 113.158.219.117 at 2021-06-07 09:56:56 +0000
Cannot render console from 113.158.219.117! Allowed networks: 127.0.0.1, ::1, 127.0.0.0/127.255.255.255
Processing by BooksController#show as HTML
  Parameters: {"id"=>"1"}
  [1m[36mUser Load (0.1ms)[0m  [1m[34mSELECT  "users".* FROM "users" WHERE "users"."id" = ? ORDER BY "users"."id" ASC LIMIT ?[0m  [["id", 1], ["LIMIT", 1]]
  â†³ /home/ec2-user/.rvm/gems/ruby-2.6.3/gems/activerecord-5.2.5/lib/active_record/log_subscriber.rb:98
  [1m[36mBook Load (0.2ms)[0m  [1m[34mSELECT  "books".* FROM "books" WHERE "books"."id" = ? LIMIT ?[0m  [["id", 1], ["LIMIT", 1]]
  â†³ app/controllers/books_controller.rb:5
  [1m[36mUser Load (0.1ms)[0m  [1m[34mSELECT  "users".* FROM "users" WHERE "users"."id" = ? LIMIT ?[0m  [["id", 1], ["LIMIT", 1]]
  â†³ app/controllers/books_controller.rb:7
  Rendering books/show.html.erb within layouts/application
  [1m[35m (0.2ms)[0m  [1m[34mSELECT COUNT(*) FROM "users" INNER JOIN "relationships" ON "users"."id" = "relationships"."followed_id" WHERE "relationships"."follower_id" = ?[0m  [["follower_id", 1]]
  â†³ app/views/users/_info.html.erb:15
  [1m[35m (0.2ms)[0m  [1m[34mSELECT COUNT(*) FROM "users" INNER JOIN "relationships" ON "users"."id" = "relationships"."follower_id" WHERE "relationships"."followed_id" = ?[0m  [["followed_id", 1]]
  â†³ app/views/users/_info.html.erb:20
  Rendered users/_info.html.erb (19.5ms)
  Rendered layouts/_errors.html.erb (0.3ms)
  Rendered books/_form.html.erb (11.3ms)
  [1m[36mFavorite Exists (0.1ms)[0m  [1m[34mSELECT  1 AS one FROM "favorites" WHERE "favorites"."book_id" = ? AND "favorites"."user_id" = ? LIMIT ?[0m  [["book_id", 1], ["user_id", 1], ["LIMIT", 1]]
  â†³ app/models/book.rb:8
  [1m[35m (0.1ms)[0m  [1m[34mSELECT COUNT(*) FROM "favorites" WHERE "favorites"."book_id" = ?[0m  [["book_id", 1]]
  â†³ app/views/favorites/_favorite.html.erb:11
  Rendered favorites/_favorite.html.erb (15.0ms)
  [1m[35m (0.1ms)[0m  [1m[34mSELECT COUNT(*) FROM "book_comments" WHERE "book_comments"."book_id" = ?[0m  [["book_id", 1]]
  â†³ app/views/books/show.html.erb:24
  [1m[36mBookComment Load (0.1ms)[0m  [1m[34mSELECT "book_comments".* FROM "book_comments" WHERE "book_comments"."book_id" = ?[0m  [["book_id", 1]]
  â†³ app/views/book_comments/_comment.html.erb:3
  Rendered book_comments/_comment.html.erb (4.8ms)
  Rendered books/show.html.erb within layouts/application (60.2ms)
  Rendered layouts/_header.html.erb (0.9ms)
  Rendered layouts/_footer.html.erb (0.2ms)
Completed 200 OK in 214ms (Views: 193.0ms | ActiveRecord: 3.5ms)


Started GET "/users" for 113.158.219.117 at 2021-06-07 09:57:56 +0000
Cannot render console from 113.158.219.117! Allowed networks: 127.0.0.1, ::1, 127.0.0.0/127.255.255.255
Processing by UsersController#index as HTML
  [1m[36mUser Load (0.1ms)[0m  [1m[34mSELECT  "users".* FROM "users" WHERE "users"."id" = ? ORDER BY "users"."id" ASC LIMIT ?[0m  [["id", 1], ["LIMIT", 1]]
  â†³ /home/ec2-user/.rvm/gems/ruby-2.6.3/gems/activerecord-5.2.5/lib/active_record/log_subscriber.rb:98
  Rendering users/index.html.erb within layouts/application
  [1m[35m (0.1ms)[0m  [1m[34mSELECT COUNT(*) FROM "users" INNER JOIN "relationships" ON "users"."id" = "relationships"."followed_id" WHERE "relationships"."follower_id" = ?[0m  [["follower_id", 1]]
  â†³ app/views/users/_info.html.erb:15
  [1m[35m (0.1ms)[0m  [1m[34mSELECT COUNT(*) FROM "users" INNER JOIN "relationships" ON "users"."id" = "relationships"."follower_id" WHERE "relationships"."followed_id" = ?[0m  [["followed_id", 1]]
  â†³ app/views/users/_info.html.erb:20
  Rendered users/_info.html.erb (11.3ms)
  Rendered layouts/_errors.html.erb (0.3ms)
  Rendered books/_form.html.erb (10.1ms)
  [1m[36mUser Load (0.2ms)[0m  [1m[34mSELECT "users".* FROM "users"[0m
  â†³ app/views/users/_index.html.erb:13
  [1m[35mCACHE  (0.0ms)[0m  [1m[34mSELECT COUNT(*) FROM "users" INNER JOIN "relationships" ON "users"."id" = "relationships"."followed_id" WHERE "relationships"."follower_id" = ?[0m  [["follower_id", 1]]
  â†³ app/views/users/_index.html.erb:17
  [1m[35mCACHE  (0.0ms)[0m  [1m[34mSELECT COUNT(*) FROM "users" INNER JOIN "relationships" ON "users"."id" = "relationships"."follower_id" WHERE "relationships"."followed_id" = ?[0m  [["followed_id", 1]]
  â†³ app/views/users/_index.html.erb:18
  Rendered users/_index.html.erb (9.0ms)
  Rendered users/index.html.erb within layouts/application (33.1ms)
  Rendered layouts/_header.html.erb (0.8ms)
  Rendered layouts/_footer.html.erb (0.3ms)
Completed 200 OK in 162ms (Views: 157.5ms | ActiveRecord: 0.6ms)


Started GET "/users/1" for 113.158.219.117 at 2021-06-07 09:57:58 +0000
Cannot render console from 113.158.219.117! Allowed networks: 127.0.0.1, ::1, 127.0.0.0/127.255.255.255
Processing by UsersController#show as HTML
  Parameters: {"id"=>"1"}
  [1m[36mUser Load (0.1ms)[0m  [1m[34mSELECT  "users".* FROM "users" WHERE "users"."id" = ? ORDER BY "users"."id" ASC LIMIT ?[0m  [["id", 1], ["LIMIT", 1]]
  â†³ /home/ec2-user/.rvm/gems/ruby-2.6.3/gems/activerecord-5.2.5/lib/active_record/log_subscriber.rb:98
  [1m[36mUser Load (0.1ms)[0m  [1m[34mSELECT  "users".* FROM "users" WHERE "users"."id" = ? LIMIT ?[0m  [["id", 1], ["LIMIT", 1]]
  â†³ app/controllers/users_controller.rb:5
  Rendering users/show.html.erb within layouts/application
  [1m[35m (0.2ms)[0m  [1m[34mSELECT COUNT(*) FROM "users" INNER JOIN "relationships" ON "users"."id" = "relationships"."followed_id" WHERE "relationships"."follower_id" = ?[0m  [["follower_id", 1]]
  â†³ app/views/users/_info.html.erb:15
  [1m[35m (0.8ms)[0m  [1m[34mSELECT COUNT(*) FROM "users" INNER JOIN "relationships" ON "users"."id" = "relationships"."follower_id" WHERE "relationships"."followed_id" = ?[0m  [["followed_id", 1]]
  â†³ app/views/users/_info.html.erb:20
  Rendered users/_info.html.erb (13.0ms)
  Rendered layouts/_errors.html.erb (0.3ms)
  Rendered books/_form.html.erb (15.1ms)
  [1m[36mBook Load (0.1ms)[0m  [1m[34mSELECT "books".* FROM "books" WHERE "books"."user_id" = ?[0m  [["user_id", 1]]
  â†³ app/views/books/_index.html.erb:11
  [1m[36mFavorite Exists (0.1ms)[0m  [1m[34mSELECT  1 AS one FROM "favorites" WHERE "favorites"."book_id" = ? AND "favorites"."user_id" = ? LIMIT ?[0m  [["book_id", 1], ["user_id", 1], ["LIMIT", 1]]
  â†³ app/models/book.rb:8
  [1m[35m (0.1ms)[0m  [1m[34mSELECT COUNT(*) FROM "favorites" WHERE "favorites"."book_id" = ?[0m  [["book_id", 1]]
  â†³ app/views/favorites/_favorite.html.erb:11
  Rendered favorites/_favorite.html.erb (7.1ms)
  [1m[35m (0.1ms)[0m  [1m[34mSELECT COUNT(*) FROM "book_comments" WHERE "book_comments"."book_id" = ?[0m  [["book_id", 1]]
  â†³ app/views/books/_index.html.erb:23
  Rendered books/_index.html.erb (16.8ms)
  Rendered users/show.html.erb within layouts/application (51.6ms)
  Rendered layouts/_header.html.erb (0.8ms)
  Rendered layouts/_footer.html.erb (0.3ms)
Completed 200 OK in 234ms (Views: 224.6ms | ActiveRecord: 1.7ms)


  [1m[35m (0.1ms)[0m  [1m[34mSELECT "schema_migrations"."version" FROM "schema_migrations" ORDER BY "schema_migrations"."version" ASC[0m
  â†³ bin/rails:9
  [1m[36mActiveRecord::InternalMetadata Load (0.2ms)[0m  [1m[34mSELECT  "ar_internal_metadata".* FROM "ar_internal_metadata" WHERE "ar_internal_metadata"."key" = ? LIMIT ?[0m  [["key", "environment"], ["LIMIT", 1]]
  â†³ bin/rails:9
  [1m[35m (0.1ms)[0m  [1m[36mbegin transaction[0m
  â†³ bin/rails:9
  [1m[35m (0.0ms)[0m  [1m[36mcommit transaction[0m
  â†³ bin/rails:9
  [1m[35m (0.1ms)[0m  [1m[34mSELECT "schema_migrations"."version" FROM "schema_migrations" ORDER BY "schema_migrations"."version" ASC[0m
  â†³ bin/rails:9
Started GET "/users/1" for 113.158.219.117 at 2021-06-07 09:59:28 +0000
Cannot render console from 113.158.219.117! Allowed networks: 127.0.0.1, ::1, 127.0.0.0/127.255.255.255
  [1m[35m (0.1ms)[0m  [1m[34mSELECT "schema_migrations"."version" FROM "schema_migrations" ORDER BY "schema_migrations"."version" ASC[0m
  â†³ /home/ec2-user/.rvm/gems/ruby-2.6.3/gems/activerecord-5.2.5/lib/active_record/log_subscriber.rb:98
Processing by UsersController#show as HTML
  Parameters: {"id"=>"1"}
  [1m[36mUser Load (0.2ms)[0m  [1m[34mSELECT  "users".* FROM "users" WHERE "users"."id" = ? ORDER BY "users"."id" ASC LIMIT ?[0m  [["id", 1], ["LIMIT", 1]]
  â†³ /home/ec2-user/.rvm/gems/ruby-2.6.3/gems/activerecord-5.2.5/lib/active_record/log_subscriber.rb:98
  [1m[36mUser Load (0.2ms)[0m  [1m[34mSELECT  "users".* FROM "users" WHERE "users"."id" = ? LIMIT ?[0m  [["id", 1], ["LIMIT", 1]]
  â†³ app/controllers/users_controller.rb:5
  Rendering users/show.html.erb within layouts/application
  [1m[35m (4.9ms)[0m  [1m[34mSELECT COUNT(*) FROM "users" INNER JOIN "relationships" ON "users"."id" = "relationships"."followed_id" WHERE "relationships"."follower_id" = ?[0m  [["follower_id", 1]]
  â†³ app/views/users/_info.html.erb:15
  [1m[35m (0.1ms)[0m  [1m[34mSELECT COUNT(*) FROM "users" INNER JOIN "relationships" ON "users"."id" = "relationships"."follower_id" WHERE "relationships"."followed_id" = ?[0m  [["followed_id", 1]]
  â†³ app/views/users/_info.html.erb:20
  Rendered users/_info.html.erb (374.3ms)
  Rendered layouts/_errors.html.erb (0.3ms)
  Rendered books/_form.html.erb (19.8ms)
  [1m[36mBook Load (0.2ms)[0m  [1m[34mSELECT "books".* FROM "books" WHERE "books"."user_id" = ?[0m  [["user_id", 1]]
  â†³ app/views/books/_index.html.erb:11
  [1m[36mFavorite Exists (0.1ms)[0m  [1m[34mSELECT  1 AS one FROM "favorites" WHERE "favorites"."book_id" = ? AND "favorites"."user_id" = ? LIMIT ?[0m  [["book_id", 1], ["user_id", 1], ["LIMIT", 1]]
  â†³ app/models/book.rb:8
  [1m[35m (0.2ms)[0m  [1m[34mSELECT COUNT(*) FROM "favorites" WHERE "favorites"."book_id" = ?[0m  [["book_id", 1]]
  â†³ app/views/favorites/_favorite.html.erb:11
  Rendered favorites/_favorite.html.erb (15.2ms)
  [1m[35m (0.1ms)[0m  [1m[34mSELECT COUNT(*) FROM "book_comments" WHERE "book_comments"."book_id" = ?[0m  [["book_id", 1]]
  â†³ app/views/books/_index.html.erb:23
  Rendered books/_index.html.erb (54.7ms)
  Rendered users/show.html.erb within layouts/application (463.0ms)
  Rendered layouts/_header.html.erb (2.5ms)
  Rendered layouts/_footer.html.erb (0.2ms)
Completed 200 OK in 822ms (Views: 752.0ms | ActiveRecord: 8.8ms)


Started POST "/books" for 113.158.219.117 at 2021-06-07 10:00:13 +0000
Cannot render console from 113.158.219.117! Allowed networks: 127.0.0.1, ::1, 127.0.0.0/127.255.255.255
Processing by BooksController#create as HTML
  Parameters: {"utf8"=>"âœ“", "authenticity_token"=>"iKT32CGiY_RvM9tT_agNNMZTVfpoC3usVqVa6pi7tBxfTeLGAEH8poNe1xi7POnSH_k5au1pqVNX7rurCwsDaA", "book"=>{"title"=>"è¡¨ç¤ºã•ã‚Œã¾ã›ã‚“ãŒãªãœï¼Ÿ", "body"=>"JSå‡ºã¦ã“ãªã„ã‚ˆãŠ", "rate"=>"2.5"}, "commit"=>"Create Book"}
  [1m[36mUser Load (0.1ms)[0m  [1m[34mSELECT  "users".* FROM "users" WHERE "users"."id" = ? ORDER BY "users"."id" ASC LIMIT ?[0m  [["id", 1], ["LIMIT", 1]]
  â†³ /home/ec2-user/.rvm/gems/ruby-2.6.3/gems/activerecord-5.2.5/lib/active_record/log_subscriber.rb:98
Unpermitted parameter: :rate
  [1m[35m (0.1ms)[0m  [1m[36mbegin transaction[0m
  â†³ app/controllers/books_controller.rb:19
  [1m[36mUser Load (0.1ms)[0m  [1m[34mSELECT  "users".* FROM "users" WHERE "users"."id" = ? LIMIT ?[0m  [["id", 1], ["LIMIT", 1]]
  â†³ app/controllers/books_controller.rb:19
  [1m[36mBook Create (2.1ms)[0m  [1m[32mINSERT INTO "books" ("title", "body", "user_id", "created_at", "updated_at") VALUES (?, ?, ?, ?, ?)[0m  [["title", "è¡¨ç¤ºã•ã‚Œã¾ã›ã‚“ãŒãªãœï¼Ÿ"], ["body", "JSå‡ºã¦ã“ãªã„ã‚ˆãŠ"], ["user_id", 1], ["created_at", "2021-06-07 10:00:13.088385"], ["updated_at", "2021-06-07 10:00:13.088385"]]
  â†³ app/controllers/books_controller.rb:19
  [1m[35m (5.4ms)[0m  [1m[36mcommit transaction[0m
  â†³ app/controllers/books_controller.rb:19
Redirected to https://ae291d144cb34a999fa3f896a87bf1f4.vfs.cloud9.us-east-1.amazonaws.com/books/2
Completed 302 Found in 22ms (ActiveRecord: 7.8ms)


Started GET "/books/2" for 113.158.219.117 at 2021-06-07 10:00:13 +0000
Cannot render console from 113.158.219.117! Allowed networks: 127.0.0.1, ::1, 127.0.0.0/127.255.255.255
Processing by BooksController#show as HTML
  Parameters: {"id"=>"2"}
  [1m[36mUser Load (0.1ms)[0m  [1m[34mSELECT  "users".* FROM "users" WHERE "users"."id" = ? ORDER BY "users"."id" ASC LIMIT ?[0m  [["id", 1], ["LIMIT", 1]]
  â†³ /home/ec2-user/.rvm/gems/ruby-2.6.3/gems/activerecord-5.2.5/lib/active_record/log_subscriber.rb:98
  [1m[36mBook Load (0.1ms)[0m  [1m[34mSELECT  "books".* FROM "books" WHERE "books"."id" = ? LIMIT ?[0m  [["id", 2], ["LIMIT", 1]]
  â†³ app/controllers/books_controller.rb:5
  [1m[36mUser Load (0.1ms)[0m  [1m[34mSELECT  "users".* FROM "users" WHERE "users"."id" = ? LIMIT ?[0m  [["id", 1], ["LIMIT", 1]]
  â†³ app/controllers/books_controller.rb:7
  Rendering books/show.html.erb within layouts/application
  [1m[35m (0.2ms)[0m  [1m[34mSELECT COUNT(*) FROM "users" INNER JOIN "relationships" ON "users"."id" = "relationships"."followed_id" WHERE "relationships"."follower_id" = ?[0m  [["follower_id", 1]]
  â†³ app/views/users/_info.html.erb:15
  [1m[35m (0.1ms)[0m  [1m[34mSELECT COUNT(*) FROM "users" INNER JOIN "relationships" ON "users"."id" = "relationships"."follower_id" WHERE "relationships"."followed_id" = ?[0m  [["followed_id", 1]]
  â†³ app/views/users/_info.html.erb:20
  Rendered users/_info.html.erb (10.2ms)
  Rendered layouts/_errors.html.erb (0.3ms)
  Rendered books/_form.html.erb (10.4ms)
  [1m[36mFavorite Exists (0.2ms)[0m  [1m[34mSELECT  1 AS one FROM "favorites" WHERE "favorites"."book_id" = ? AND "favorites"."user_id" = ? LIMIT ?[0m  [["book_id", 2], ["user_id", 1], ["LIMIT", 1]]
  â†³ app/models/book.rb:8
  [1m[35m (0.1ms)[0m  [1m[34mSELECT COUNT(*) FROM "favorites" WHERE "favorites"."book_id" = ?[0m  [["book_id", 2]]
  â†³ app/views/favorites/_favorite.html.erb:11
  Rendered favorites/_favorite.html.erb (6.8ms)
  [1m[35m (0.1ms)[0m  [1m[34mSELECT COUNT(*) FROM "book_comments" WHERE "book_comments"."book_id" = ?[0m  [["book_id", 2]]
  â†³ app/views/books/show.html.erb:24
  [1m[36mBookComment Load (0.2ms)[0m  [1m[34mSELECT "book_comments".* FROM "book_comments" WHERE "book_comments"."book_id" = ?[0m  [["book_id", 2]]
  â†³ app/views/book_comments/_comment.html.erb:3
  Rendered book_comments/_comment.html.erb (6.0ms)
  Rendered books/show.html.erb within layouts/application (41.9ms)
  Rendered layouts/_header.html.erb (0.8ms)
  Rendered layouts/_footer.html.erb (0.2ms)
Completed 200 OK in 154ms (Views: 140.7ms | ActiveRecord: 1.4ms)


Started GET "/books/2" for 113.158.219.117 at 2021-06-07 10:02:23 +0000
Cannot render console from 113.158.219.117! Allowed networks: 127.0.0.1, ::1, 127.0.0.0/127.255.255.255
  [1m[35m (0.2ms)[0m  [1m[34mSELECT "schema_migrations"."version" FROM "schema_migrations" ORDER BY "schema_migrations"."version" ASC[0m
  â†³ /home/ec2-user/.rvm/gems/ruby-2.6.3/gems/activerecord-5.2.5/lib/active_record/log_subscriber.rb:98
Processing by BooksController#show as HTML
  Parameters: {"id"=>"2"}
  [1m[36mUser Load (0.2ms)[0m  [1m[34mSELECT  "users".* FROM "users" WHERE "users"."id" = ? ORDER BY "users"."id" ASC LIMIT ?[0m  [["id", 1], ["LIMIT", 1]]
  â†³ /home/ec2-user/.rvm/gems/ruby-2.6.3/gems/activerecord-5.2.5/lib/active_record/log_subscriber.rb:98
  [1m[36mBook Load (0.1ms)[0m  [1m[34mSELECT  "books".* FROM "books" WHERE "books"."id" = ? LIMIT ?[0m  [["id", 2], ["LIMIT", 1]]
  â†³ app/controllers/books_controller.rb:5
  [1m[36mUser Load (0.2ms)[0m  [1m[34mSELECT  "users".* FROM "users" WHERE "users"."id" = ? LIMIT ?[0m  [["id", 1], ["LIMIT", 1]]
  â†³ app/controllers/books_controller.rb:7
  Rendering books/show.html.erb within layouts/application
  [1m[35m (0.2ms)[0m  [1m[34mSELECT COUNT(*) FROM "users" INNER JOIN "relationships" ON "users"."id" = "relationships"."followed_id" WHERE "relationships"."follower_id" = ?[0m  [["follower_id", 1]]
  â†³ app/views/users/_info.html.erb:15
  [1m[35m (0.1ms)[0m  [1m[34mSELECT COUNT(*) FROM "users" INNER JOIN "relationships" ON "users"."id" = "relationships"."follower_id" WHERE "relationships"."followed_id" = ?[0m  [["followed_id", 1]]
  â†³ app/views/users/_info.html.erb:20
  Rendered users/_info.html.erb (398.2ms)
  Rendered layouts/_errors.html.erb (0.5ms)
  Rendered books/_form.html.erb (148.2ms)
  [1m[36mFavorite Exists (0.1ms)[0m  [1m[34mSELECT  1 AS one FROM "favorites" WHERE "favorites"."book_id" = ? AND "favorites"."user_id" = ? LIMIT ?[0m  [["book_id", 2], ["user_id", 1], ["LIMIT", 1]]
  â†³ app/models/book.rb:8
  [1m[35m (0.1ms)[0m  [1m[34mSELECT COUNT(*) FROM "favorites" WHERE "favorites"."book_id" = ?[0m  [["book_id", 2]]
  â†³ app/views/favorites/_favorite.html.erb:11
  Rendered favorites/_favorite.html.erb (15.1ms)
  [1m[35m (0.1ms)[0m  [1m[34mSELECT COUNT(*) FROM "book_comments" WHERE "book_comments"."book_id" = ?[0m  [["book_id", 2]]
  â†³ app/views/books/show.html.erb:24
  [1m[36mBookComment Load (0.1ms)[0m  [1m[34mSELECT "book_comments".* FROM "book_comments" WHERE "book_comments"."book_id" = ?[0m  [["book_id", 2]]
  â†³ app/views/book_comments/_comment.html.erb:3
  Rendered book_comments/_comment.html.erb (4.8ms)
  Rendered books/show.html.erb within layouts/application (587.2ms)
  Rendered layouts/_header.html.erb (0.9ms)
  Rendered layouts/_footer.html.erb (0.2ms)
Completed 200 OK in 906ms (Views: 803.8ms | ActiveRecord: 3.3ms)


